<?xml version="1.0" encoding="UTF-8"?>
<testng-results total="1" passed="1" failed="0" skipped="0">
  <reporter-output>
  </reporter-output>
  <suite started-at="2023-10-01T10:26:45Z" name="Default suite" finished-at="2023-10-01T10:26:46Z" duration-ms="1266">
    <groups>
    </groups>
    <test started-at="2023-10-01T10:26:45Z" name="Default test" finished-at="2023-10-01T10:26:46Z" duration-ms="1266">
      <class name="tests.PostAPITest">
        <test-method is-config="true" signature="setUp()[pri:0, instance:tests.PostAPITest@233795b6]" started-at="2023-10-01T06:26:45Z" name="setUp" finished-at="2023-10-01T06:26:45Z" duration-ms="5" status="PASS">
          <reporter-output>
          </reporter-output>
        </test-method> <!-- setUp -->
        <test-method signature="postAPITest()[pri:0, instance:tests.PostAPITest@233795b6]" started-at="2023-10-01T06:26:45Z" name="postAPITest" finished-at="2023-10-01T06:26:46Z" duration-ms="1249" status="PASS">
          <reporter-output>
          </reporter-output>
        </test-method> <!-- postAPITest -->
      </class> <!-- tests.PostAPITest -->
    </test> <!-- Default test -->
  </suite> <!-- Default suite -->
</testng-results>
